<?xml version="1.0" encoding="UTF-8"?>
<testsuite xmlns:xsi="http://www.w3.org/2001/XMLSchema-instance" xsi:noNamespaceSchemaLocation="https://maven.apache.org/surefire/maven-surefire-plugin/xsd/surefire-test-report.xsd" name="VodTest" time="1.703" tests="6" errors="4" skipped="0" failures="0">
  <properties>
[...]
</properties>
  <testcase name="testDeleteVideo" classname="VodTest" time="1.442"/>
  <testcase name="testGetVideoPlayUrl" classname="VodTest" time="0.048">
    <error message="MissingAccessKeyId : AccessKeyId is mandatory for this action.&#10;RequestId : 861C5C3C-D35F-5AD6-9FCA-8A3F7AD1FE99" type="com.aliyuncs.exceptions.ClientException">com.aliyuncs.exceptions.ClientException: 
MissingAccessKeyId : AccessKeyId is mandatory for this action.
RequestId : 861C5C3C-D35F-5AD6-9FCA-8A3F7AD1FE99
	at VodTest.testGetVideoPlayUrl(VodTest.java:55)
</error>
    <system-out><![CDATA[12:28:29.603 [main] DEBUG org.apache.http.client.protocol.RequestAddCookies - CookieSpec selected: default
12:28:29.603 [main] DEBUG org.apache.http.client.protocol.RequestAuthCache - Auth cache not set in the context
12:28:29.603 [main] DEBUG org.apache.http.impl.conn.PoolingHttpClientConnectionManager - Connection request: [route: {}->http://vod.cn-shanghai.aliyuncs.com:80][total kept alive: 1; route allocated: 1 of 5; total allocated: 1 of 64]
12:28:29.603 [main] DEBUG org.apache.http.impl.conn.PoolingHttpClientConnectionManager - Connection leased: [id: 0][route: {}->http://vod.cn-shanghai.aliyuncs.com:80][total kept alive: 0; route allocated: 1 of 5; total allocated: 1 of 64]
12:28:29.603 [main] DEBUG org.apache.http.impl.conn.DefaultManagedHttpClientConnection - http-outgoing-0: set socket timeout to 10000
12:28:29.603 [main] DEBUG org.apache.http.impl.execchain.MainClientExec - Executing request POST /?SignatureVersion=1.0&Action=GetPlayInfo&ServiceCode=vod&Format=JSON&VideoId=a2503099835347b285dd6d494a96ac91&SignatureNonce=7fdaa6d8-f9b2-43df-b280-f841f401794016785089096011&Version=2017-03-21&AccessKeyId=&Signature=GkuK2UDem8rDzZWNNfbv7yyuFuU%3D&SignatureMethod=HMAC-SHA1&RegionId=cn-shanghai&Timestamp=2023-03-11T04%3A28%3A29Z HTTP/1.1
12:28:29.604 [main] DEBUG org.apache.http.impl.execchain.MainClientExec - Target auth state: UNCHALLENGED
12:28:29.604 [main] DEBUG org.apache.http.impl.execchain.MainClientExec - Proxy auth state: UNCHALLENGED
12:28:29.613 [main] DEBUG org.apache.http.headers - http-outgoing-0 >> POST /?SignatureVersion=1.0&Action=GetPlayInfo&ServiceCode=vod&Format=JSON&VideoId=a2503099835347b285dd6d494a96ac91&SignatureNonce=7fdaa6d8-f9b2-43df-b280-f841f401794016785089096011&Version=2017-03-21&AccessKeyId=&Signature=GkuK2UDem8rDzZWNNfbv7yyuFuU%3D&SignatureMethod=HMAC-SHA1&RegionId=cn-shanghai&Timestamp=2023-03-11T04%3A28%3A29Z HTTP/1.1
12:28:29.613 [main] DEBUG org.apache.http.headers - http-outgoing-0 >> Accept-Encoding: identity
12:28:29.613 [main] DEBUG org.apache.http.headers - http-outgoing-0 >> x-sdk-invoke-type: normal
12:28:29.613 [main] DEBUG org.apache.http.headers - http-outgoing-0 >> Accept: application/json
12:28:29.614 [main] DEBUG org.apache.http.headers - http-outgoing-0 >> x-sdk-client: Java/2.0.0
12:28:29.615 [main] DEBUG org.apache.http.headers - http-outgoing-0 >> User-Agent: AlibabaCloud (Windows 10; amd64) Java/1.8.0_92-b14 Core/4.5.1 HTTPClient/ApacheHttpClient
12:28:29.615 [main] DEBUG org.apache.http.headers - http-outgoing-0 >> Content-Type: application/x-www-form-urlencoded
12:28:29.616 [main] DEBUG org.apache.http.headers - http-outgoing-0 >> Host: vod.cn-shanghai.aliyuncs.com
12:28:29.616 [main] DEBUG org.apache.http.headers - http-outgoing-0 >> Connection: Keep-Alive
12:28:29.616 [main] DEBUG org.apache.http.wire - http-outgoing-0 >> "POST /?SignatureVersion=1.0&Action=GetPlayInfo&ServiceCode=vod&Format=JSON&VideoId=a2503099835347b285dd6d494a96ac91&SignatureNonce=7fdaa6d8-f9b2-43df-b280-f841f401794016785089096011&Version=2017-03-21&AccessKeyId=&Signature=GkuK2UDem8rDzZWNNfbv7yyuFuU%3D&SignatureMethod=HMAC-SHA1&RegionId=cn-shanghai&Timestamp=2023-03-11T04%3A28%3A29Z HTTP/1.1[\r][\n]"
12:28:29.616 [main] DEBUG org.apache.http.wire - http-outgoing-0 >> "Accept-Encoding: identity[\r][\n]"
12:28:29.617 [main] DEBUG org.apache.http.wire - http-outgoing-0 >> "x-sdk-invoke-type: normal[\r][\n]"
12:28:29.617 [main] DEBUG org.apache.http.wire - http-outgoing-0 >> "Accept: application/json[\r][\n]"
12:28:29.617 [main] DEBUG org.apache.http.wire - http-outgoing-0 >> "x-sdk-client: Java/2.0.0[\r][\n]"
12:28:29.617 [main] DEBUG org.apache.http.wire - http-outgoing-0 >> "User-Agent: AlibabaCloud (Windows 10; amd64) Java/1.8.0_92-b14 Core/4.5.1 HTTPClient/ApacheHttpClient[\r][\n]"
12:28:29.618 [main] DEBUG org.apache.http.wire - http-outgoing-0 >> "Content-Type: application/x-www-form-urlencoded[\r][\n]"
12:28:29.618 [main] DEBUG org.apache.http.wire - http-outgoing-0 >> "Host: vod.cn-shanghai.aliyuncs.com[\r][\n]"
12:28:29.618 [main] DEBUG org.apache.http.wire - http-outgoing-0 >> "Connection: Keep-Alive[\r][\n]"
12:28:29.618 [main] DEBUG org.apache.http.wire - http-outgoing-0 >> "[\r][\n]"
12:28:29.646 [main] DEBUG org.apache.http.wire - http-outgoing-0 << "HTTP/1.1 400 Bad Request[\r][\n]"
12:28:29.647 [main] DEBUG org.apache.http.wire - http-outgoing-0 << "Date: Sat, 11 Mar 2023 04:28:29 GMT[\r][\n]"
12:28:29.647 [main] DEBUG org.apache.http.wire - http-outgoing-0 << "Content-Type: application/json;charset=utf-8[\r][\n]"
12:28:29.647 [main] DEBUG org.apache.http.wire - http-outgoing-0 << "Content-Length: 262[\r][\n]"
12:28:29.647 [main] DEBUG org.apache.http.wire - http-outgoing-0 << "Connection: keep-alive[\r][\n]"
12:28:29.647 [main] DEBUG org.apache.http.wire - http-outgoing-0 << "Access-Control-Allow-Origin: *[\r][\n]"
12:28:29.647 [main] DEBUG org.apache.http.wire - http-outgoing-0 << "x-acs-request-id: 861C5C3C-D35F-5AD6-9FCA-8A3F7AD1FE99[\r][\n]"
12:28:29.647 [main] DEBUG org.apache.http.wire - http-outgoing-0 << "x-acs-trace-id: 7e989e22b68e1cd3a3c75f1433d38fd3[\r][\n]"
12:28:29.650 [main] DEBUG org.apache.http.wire - http-outgoing-0 << "[\r][\n]"
12:28:29.650 [main] DEBUG org.apache.http.wire - http-outgoing-0 << "{"RequestId":"861C5C3C-D35F-5AD6-9FCA-8A3F7AD1FE99","Message":"AccessKeyId is mandatory for this action.","Recommend":"https://next.api.aliyun.com/troubleshoot?q=MissingAccessKeyId&product=vod","HostId":"vod.cn-shanghai.aliyuncs.com","Code":"MissingAccessKeyId"}"
12:28:29.650 [main] DEBUG org.apache.http.headers - http-outgoing-0 << HTTP/1.1 400 Bad Request
12:28:29.650 [main] DEBUG org.apache.http.headers - http-outgoing-0 << Date: Sat, 11 Mar 2023 04:28:29 GMT
12:28:29.650 [main] DEBUG org.apache.http.headers - http-outgoing-0 << Content-Type: application/json;charset=utf-8
12:28:29.650 [main] DEBUG org.apache.http.headers - http-outgoing-0 << Content-Length: 262
12:28:29.650 [main] DEBUG org.apache.http.headers - http-outgoing-0 << Connection: keep-alive
12:28:29.650 [main] DEBUG org.apache.http.headers - http-outgoing-0 << Access-Control-Allow-Origin: *
12:28:29.650 [main] DEBUG org.apache.http.headers - http-outgoing-0 << x-acs-request-id: 861C5C3C-D35F-5AD6-9FCA-8A3F7AD1FE99
12:28:29.650 [main] DEBUG org.apache.http.headers - http-outgoing-0 << x-acs-trace-id: 7e989e22b68e1cd3a3c75f1433d38fd3
12:28:29.650 [main] DEBUG org.apache.http.impl.execchain.MainClientExec - Connection can be kept alive for 5000 MILLISECONDS
12:28:29.650 [main] DEBUG org.apache.http.impl.conn.PoolingHttpClientConnectionManager - Connection [id: 0][route: {}->http://vod.cn-shanghai.aliyuncs.com:80] can be kept alive for 5.0 seconds
12:28:29.650 [main] DEBUG org.apache.http.impl.conn.PoolingHttpClientConnectionManager - Connection released: [id: 0][route: {}->http://vod.cn-shanghai.aliyuncs.com:80][total kept alive: 1; route allocated: 1 of 5; total allocated: 1 of 64]
]]></system-out>
  </testcase>
  <testcase name="testGetVodInfo" classname="VodTest" time="0.036">
    <error message="MissingAccessKeyId : AccessKeyId is mandatory for this action.&#10;RequestId : 08C93C7F-62A9-57DC-BE43-D0734EABBAD6" type="com.aliyuncs.exceptions.ClientException">com.aliyuncs.exceptions.ClientException: 
MissingAccessKeyId : AccessKeyId is mandatory for this action.
RequestId : 08C93C7F-62A9-57DC-BE43-D0734EABBAD6
	at VodTest.testGetVodInfo(VodTest.java:141)
</error>
    <system-out><![CDATA[12:28:29.662 [main] DEBUG org.apache.http.client.protocol.RequestAddCookies - CookieSpec selected: default
12:28:29.662 [main] DEBUG org.apache.http.client.protocol.RequestAuthCache - Auth cache not set in the context
12:28:29.662 [main] DEBUG org.apache.http.impl.conn.PoolingHttpClientConnectionManager - Connection request: [route: {}->http://vod.cn-shanghai.aliyuncs.com:80][total kept alive: 1; route allocated: 1 of 5; total allocated: 1 of 64]
12:28:29.662 [main] DEBUG org.apache.http.impl.conn.PoolingHttpClientConnectionManager - Connection leased: [id: 0][route: {}->http://vod.cn-shanghai.aliyuncs.com:80][total kept alive: 0; route allocated: 1 of 5; total allocated: 1 of 64]
12:28:29.662 [main] DEBUG org.apache.http.impl.conn.DefaultManagedHttpClientConnection - http-outgoing-0: set socket timeout to 10000
12:28:29.662 [main] DEBUG org.apache.http.impl.execchain.MainClientExec - Executing request POST /?SignatureVersion=1.0&Action=GetVideoInfo&ServiceCode=vod&Format=JSON&VideoId=ea5a9e9f785847aba08b91280a03f88e&SignatureNonce=7d1025f2-6970-4e9a-9581-6fb5cf870ae516785089096601&Version=2017-03-21&AccessKeyId=&Signature=voha7xrY9STGizKxKNjC9WnIzCw%3D&SignatureMethod=HMAC-SHA1&RegionId=cn-shanghai&Timestamp=2023-03-11T04%3A28%3A29Z HTTP/1.1
12:28:29.662 [main] DEBUG org.apache.http.impl.execchain.MainClientExec - Target auth state: UNCHALLENGED
12:28:29.662 [main] DEBUG org.apache.http.impl.execchain.MainClientExec - Proxy auth state: UNCHALLENGED
12:28:29.663 [main] DEBUG org.apache.http.headers - http-outgoing-0 >> POST /?SignatureVersion=1.0&Action=GetVideoInfo&ServiceCode=vod&Format=JSON&VideoId=ea5a9e9f785847aba08b91280a03f88e&SignatureNonce=7d1025f2-6970-4e9a-9581-6fb5cf870ae516785089096601&Version=2017-03-21&AccessKeyId=&Signature=voha7xrY9STGizKxKNjC9WnIzCw%3D&SignatureMethod=HMAC-SHA1&RegionId=cn-shanghai&Timestamp=2023-03-11T04%3A28%3A29Z HTTP/1.1
12:28:29.663 [main] DEBUG org.apache.http.headers - http-outgoing-0 >> Accept-Encoding: identity
12:28:29.663 [main] DEBUG org.apache.http.headers - http-outgoing-0 >> x-sdk-invoke-type: normal
12:28:29.663 [main] DEBUG org.apache.http.headers - http-outgoing-0 >> Accept: application/json
12:28:29.663 [main] DEBUG org.apache.http.headers - http-outgoing-0 >> x-sdk-client: Java/2.0.0
12:28:29.663 [main] DEBUG org.apache.http.headers - http-outgoing-0 >> User-Agent: AlibabaCloud (Windows 10; amd64) Java/1.8.0_92-b14 Core/4.5.1 HTTPClient/ApacheHttpClient
12:28:29.663 [main] DEBUG org.apache.http.headers - http-outgoing-0 >> Content-Type: application/x-www-form-urlencoded
12:28:29.663 [main] DEBUG org.apache.http.headers - http-outgoing-0 >> Host: vod.cn-shanghai.aliyuncs.com
12:28:29.663 [main] DEBUG org.apache.http.headers - http-outgoing-0 >> Connection: Keep-Alive
12:28:29.663 [main] DEBUG org.apache.http.wire - http-outgoing-0 >> "POST /?SignatureVersion=1.0&Action=GetVideoInfo&ServiceCode=vod&Format=JSON&VideoId=ea5a9e9f785847aba08b91280a03f88e&SignatureNonce=7d1025f2-6970-4e9a-9581-6fb5cf870ae516785089096601&Version=2017-03-21&AccessKeyId=&Signature=voha7xrY9STGizKxKNjC9WnIzCw%3D&SignatureMethod=HMAC-SHA1&RegionId=cn-shanghai&Timestamp=2023-03-11T04%3A28%3A29Z HTTP/1.1[\r][\n]"
12:28:29.663 [main] DEBUG org.apache.http.wire - http-outgoing-0 >> "Accept-Encoding: identity[\r][\n]"
12:28:29.663 [main] DEBUG org.apache.http.wire - http-outgoing-0 >> "x-sdk-invoke-type: normal[\r][\n]"
12:28:29.663 [main] DEBUG org.apache.http.wire - http-outgoing-0 >> "Accept: application/json[\r][\n]"
12:28:29.663 [main] DEBUG org.apache.http.wire - http-outgoing-0 >> "x-sdk-client: Java/2.0.0[\r][\n]"
12:28:29.663 [main] DEBUG org.apache.http.wire - http-outgoing-0 >> "User-Agent: AlibabaCloud (Windows 10; amd64) Java/1.8.0_92-b14 Core/4.5.1 HTTPClient/ApacheHttpClient[\r][\n]"
12:28:29.663 [main] DEBUG org.apache.http.wire - http-outgoing-0 >> "Content-Type: application/x-www-form-urlencoded[\r][\n]"
12:28:29.663 [main] DEBUG org.apache.http.wire - http-outgoing-0 >> "Host: vod.cn-shanghai.aliyuncs.com[\r][\n]"
12:28:29.663 [main] DEBUG org.apache.http.wire - http-outgoing-0 >> "Connection: Keep-Alive[\r][\n]"
12:28:29.663 [main] DEBUG org.apache.http.wire - http-outgoing-0 >> "[\r][\n]"
12:28:29.692 [main] DEBUG org.apache.http.wire - http-outgoing-0 << "HTTP/1.1 400 Bad Request[\r][\n]"
12:28:29.692 [main] DEBUG org.apache.http.wire - http-outgoing-0 << "Date: Sat, 11 Mar 2023 04:28:29 GMT[\r][\n]"
12:28:29.692 [main] DEBUG org.apache.http.wire - http-outgoing-0 << "Content-Type: application/json;charset=utf-8[\r][\n]"
12:28:29.692 [main] DEBUG org.apache.http.wire - http-outgoing-0 << "Content-Length: 262[\r][\n]"
12:28:29.692 [main] DEBUG org.apache.http.wire - http-outgoing-0 << "Connection: keep-alive[\r][\n]"
12:28:29.692 [main] DEBUG org.apache.http.wire - http-outgoing-0 << "Access-Control-Allow-Origin: *[\r][\n]"
12:28:29.692 [main] DEBUG org.apache.http.wire - http-outgoing-0 << "x-acs-request-id: 08C93C7F-62A9-57DC-BE43-D0734EABBAD6[\r][\n]"
12:28:29.692 [main] DEBUG org.apache.http.wire - http-outgoing-0 << "x-acs-trace-id: 58f6d3fa8fe7ab3b9958496f0ddf3bb5[\r][\n]"
12:28:29.692 [main] DEBUG org.apache.http.wire - http-outgoing-0 << "[\r][\n]"
12:28:29.692 [main] DEBUG org.apache.http.wire - http-outgoing-0 << "{"RequestId":"08C93C7F-62A9-57DC-BE43-D0734EABBAD6","Message":"AccessKeyId is mandatory for this action.","Recommend":"https://next.api.aliyun.com/troubleshoot?q=MissingAccessKeyId&product=vod","HostId":"vod.cn-shanghai.aliyuncs.com","Code":"MissingAccessKeyId"}"
12:28:29.692 [main] DEBUG org.apache.http.headers - http-outgoing-0 << HTTP/1.1 400 Bad Request
12:28:29.692 [main] DEBUG org.apache.http.headers - http-outgoing-0 << Date: Sat, 11 Mar 2023 04:28:29 GMT
12:28:29.692 [main] DEBUG org.apache.http.headers - http-outgoing-0 << Content-Type: application/json;charset=utf-8
12:28:29.692 [main] DEBUG org.apache.http.headers - http-outgoing-0 << Content-Length: 262
12:28:29.692 [main] DEBUG org.apache.http.headers - http-outgoing-0 << Connection: keep-alive
12:28:29.692 [main] DEBUG org.apache.http.headers - http-outgoing-0 << Access-Control-Allow-Origin: *
12:28:29.692 [main] DEBUG org.apache.http.headers - http-outgoing-0 << x-acs-request-id: 08C93C7F-62A9-57DC-BE43-D0734EABBAD6
12:28:29.692 [main] DEBUG org.apache.http.headers - http-outgoing-0 << x-acs-trace-id: 58f6d3fa8fe7ab3b9958496f0ddf3bb5
12:28:29.693 [main] DEBUG org.apache.http.impl.execchain.MainClientExec - Connection can be kept alive for 5000 MILLISECONDS
12:28:29.693 [main] DEBUG org.apache.http.impl.conn.PoolingHttpClientConnectionManager - Connection [id: 0][route: {}->http://vod.cn-shanghai.aliyuncs.com:80] can be kept alive for 5.0 seconds
12:28:29.693 [main] DEBUG org.apache.http.impl.conn.PoolingHttpClientConnectionManager - Connection released: [id: 0][route: {}->http://vod.cn-shanghai.aliyuncs.com:80][total kept alive: 1; route allocated: 1 of 5; total allocated: 1 of 64]
]]></system-out>
  </testcase>
  <testcase name="TestGetVideoUrlAndID" classname="VodTest" time="0.036">
    <error message="MissingAccessKeyId : AccessKeyId is mandatory for this action.&#10;RequestId : 9F22FB88-64C0-5C59-9AB1-47AE3DD4C0B3" type="com.aliyuncs.exceptions.ClientException">com.aliyuncs.exceptions.ClientException: 
MissingAccessKeyId : AccessKeyId is mandatory for this action.
RequestId : 9F22FB88-64C0-5C59-9AB1-47AE3DD4C0B3
	at VodTest.TestGetVideoUrlAndID(VodTest.java:37)
</error>
    <system-out><![CDATA[12:28:29.697 [main] DEBUG org.apache.http.client.protocol.RequestAddCookies - CookieSpec selected: default
12:28:29.697 [main] DEBUG org.apache.http.client.protocol.RequestAuthCache - Auth cache not set in the context
12:28:29.697 [main] DEBUG org.apache.http.impl.conn.PoolingHttpClientConnectionManager - Connection request: [route: {}->http://vod.cn-shanghai.aliyuncs.com:80][total kept alive: 1; route allocated: 1 of 5; total allocated: 1 of 64]
12:28:29.697 [main] DEBUG org.apache.http.impl.conn.PoolingHttpClientConnectionManager - Connection leased: [id: 0][route: {}->http://vod.cn-shanghai.aliyuncs.com:80][total kept alive: 0; route allocated: 1 of 5; total allocated: 1 of 64]
12:28:29.697 [main] DEBUG org.apache.http.impl.conn.DefaultManagedHttpClientConnection - http-outgoing-0: set socket timeout to 10000
12:28:29.697 [main] DEBUG org.apache.http.impl.execchain.MainClientExec - Executing request POST /?Action=CreateUploadVideo&FileName=%E6%B5%8B%E8%AF%95%E8%A7%86%E9%A2%91001.mp4&Title=%E6%B5%8B%E8%AF%95%E8%A7%86%E9%A2%91001&Timestamp=2023-03-11T04%3A28%3A29Z&SignatureVersion=1.0&ServiceCode=vod&Format=JSON&SignatureNonce=50694f98-5105-4e46-b1e2-f2bc3b533e5216785089096961&Version=2017-03-21&AccessKeyId=&Signature=7QvMZkzwF%2Fzjr7GQAyzocuXQg9Q%3D&SignatureMethod=HMAC-SHA1&RegionId=cn-shanghai HTTP/1.1
12:28:29.697 [main] DEBUG org.apache.http.impl.execchain.MainClientExec - Target auth state: UNCHALLENGED
12:28:29.697 [main] DEBUG org.apache.http.impl.execchain.MainClientExec - Proxy auth state: UNCHALLENGED
12:28:29.697 [main] DEBUG org.apache.http.headers - http-outgoing-0 >> POST /?Action=CreateUploadVideo&FileName=%E6%B5%8B%E8%AF%95%E8%A7%86%E9%A2%91001.mp4&Title=%E6%B5%8B%E8%AF%95%E8%A7%86%E9%A2%91001&Timestamp=2023-03-11T04%3A28%3A29Z&SignatureVersion=1.0&ServiceCode=vod&Format=JSON&SignatureNonce=50694f98-5105-4e46-b1e2-f2bc3b533e5216785089096961&Version=2017-03-21&AccessKeyId=&Signature=7QvMZkzwF%2Fzjr7GQAyzocuXQg9Q%3D&SignatureMethod=HMAC-SHA1&RegionId=cn-shanghai HTTP/1.1
12:28:29.697 [main] DEBUG org.apache.http.headers - http-outgoing-0 >> Accept-Encoding: identity
12:28:29.697 [main] DEBUG org.apache.http.headers - http-outgoing-0 >> x-sdk-invoke-type: normal
12:28:29.697 [main] DEBUG org.apache.http.headers - http-outgoing-0 >> Accept: application/json
12:28:29.697 [main] DEBUG org.apache.http.headers - http-outgoing-0 >> x-sdk-client: Java/2.0.0
12:28:29.697 [main] DEBUG org.apache.http.headers - http-outgoing-0 >> User-Agent: AlibabaCloud (Windows 10; amd64) Java/1.8.0_92-b14 Core/4.5.1 HTTPClient/ApacheHttpClient
12:28:29.697 [main] DEBUG org.apache.http.headers - http-outgoing-0 >> Content-Type: application/x-www-form-urlencoded
12:28:29.697 [main] DEBUG org.apache.http.headers - http-outgoing-0 >> Host: vod.cn-shanghai.aliyuncs.com
12:28:29.697 [main] DEBUG org.apache.http.headers - http-outgoing-0 >> Connection: Keep-Alive
12:28:29.698 [main] DEBUG org.apache.http.wire - http-outgoing-0 >> "POST /?Action=CreateUploadVideo&FileName=%E6%B5%8B%E8%AF%95%E8%A7%86%E9%A2%91001.mp4&Title=%E6%B5%8B%E8%AF%95%E8%A7%86%E9%A2%91001&Timestamp=2023-03-11T04%3A28%3A29Z&SignatureVersion=1.0&ServiceCode=vod&Format=JSON&SignatureNonce=50694f98-5105-4e46-b1e2-f2bc3b533e5216785089096961&Version=2017-03-21&AccessKeyId=&Signature=7QvMZkzwF%2Fzjr7GQAyzocuXQg9Q%3D&SignatureMethod=HMAC-SHA1&RegionId=cn-shanghai HTTP/1.1[\r][\n]"
12:28:29.698 [main] DEBUG org.apache.http.wire - http-outgoing-0 >> "Accept-Encoding: identity[\r][\n]"
12:28:29.698 [main] DEBUG org.apache.http.wire - http-outgoing-0 >> "x-sdk-invoke-type: normal[\r][\n]"
12:28:29.698 [main] DEBUG org.apache.http.wire - http-outgoing-0 >> "Accept: application/json[\r][\n]"
12:28:29.698 [main] DEBUG org.apache.http.wire - http-outgoing-0 >> "x-sdk-client: Java/2.0.0[\r][\n]"
12:28:29.698 [main] DEBUG org.apache.http.wire - http-outgoing-0 >> "User-Agent: AlibabaCloud (Windows 10; amd64) Java/1.8.0_92-b14 Core/4.5.1 HTTPClient/ApacheHttpClient[\r][\n]"
12:28:29.698 [main] DEBUG org.apache.http.wire - http-outgoing-0 >> "Content-Type: application/x-www-form-urlencoded[\r][\n]"
12:28:29.698 [main] DEBUG org.apache.http.wire - http-outgoing-0 >> "Host: vod.cn-shanghai.aliyuncs.com[\r][\n]"
12:28:29.698 [main] DEBUG org.apache.http.wire - http-outgoing-0 >> "Connection: Keep-Alive[\r][\n]"
12:28:29.698 [main] DEBUG org.apache.http.wire - http-outgoing-0 >> "[\r][\n]"
12:28:29.726 [main] DEBUG org.apache.http.wire - http-outgoing-0 << "HTTP/1.1 400 Bad Request[\r][\n]"
12:28:29.726 [main] DEBUG org.apache.http.wire - http-outgoing-0 << "Date: Sat, 11 Mar 2023 04:28:29 GMT[\r][\n]"
12:28:29.726 [main] DEBUG org.apache.http.wire - http-outgoing-0 << "Content-Type: application/json;charset=utf-8[\r][\n]"
12:28:29.726 [main] DEBUG org.apache.http.wire - http-outgoing-0 << "Content-Length: 262[\r][\n]"
12:28:29.726 [main] DEBUG org.apache.http.wire - http-outgoing-0 << "Connection: keep-alive[\r][\n]"
12:28:29.726 [main] DEBUG org.apache.http.wire - http-outgoing-0 << "Access-Control-Allow-Origin: *[\r][\n]"
12:28:29.726 [main] DEBUG org.apache.http.wire - http-outgoing-0 << "x-acs-request-id: 9F22FB88-64C0-5C59-9AB1-47AE3DD4C0B3[\r][\n]"
12:28:29.726 [main] DEBUG org.apache.http.wire - http-outgoing-0 << "x-acs-trace-id: cbf914d1785c5d0081dbef5c1f04f349[\r][\n]"
12:28:29.726 [main] DEBUG org.apache.http.wire - http-outgoing-0 << "[\r][\n]"
12:28:29.726 [main] DEBUG org.apache.http.wire - http-outgoing-0 << "{"RequestId":"9F22FB88-64C0-5C59-9AB1-47AE3DD4C0B3","Message":"AccessKeyId is mandatory for this action.","Recommend":"https://next.api.aliyun.com/troubleshoot?q=MissingAccessKeyId&product=vod","HostId":"vod.cn-shanghai.aliyuncs.com","Code":"MissingAccessKeyId"}"
12:28:29.726 [main] DEBUG org.apache.http.headers - http-outgoing-0 << HTTP/1.1 400 Bad Request
12:28:29.726 [main] DEBUG org.apache.http.headers - http-outgoing-0 << Date: Sat, 11 Mar 2023 04:28:29 GMT
12:28:29.726 [main] DEBUG org.apache.http.headers - http-outgoing-0 << Content-Type: application/json;charset=utf-8
12:28:29.726 [main] DEBUG org.apache.http.headers - http-outgoing-0 << Content-Length: 262
12:28:29.726 [main] DEBUG org.apache.http.headers - http-outgoing-0 << Connection: keep-alive
12:28:29.726 [main] DEBUG org.apache.http.headers - http-outgoing-0 << Access-Control-Allow-Origin: *
12:28:29.726 [main] DEBUG org.apache.http.headers - http-outgoing-0 << x-acs-request-id: 9F22FB88-64C0-5C59-9AB1-47AE3DD4C0B3
12:28:29.726 [main] DEBUG org.apache.http.headers - http-outgoing-0 << x-acs-trace-id: cbf914d1785c5d0081dbef5c1f04f349
12:28:29.727 [main] DEBUG org.apache.http.impl.execchain.MainClientExec - Connection can be kept alive for 5000 MILLISECONDS
12:28:29.727 [main] DEBUG org.apache.http.impl.conn.PoolingHttpClientConnectionManager - Connection [id: 0][route: {}->http://vod.cn-shanghai.aliyuncs.com:80] can be kept alive for 5.0 seconds
12:28:29.727 [main] DEBUG org.apache.http.impl.conn.PoolingHttpClientConnectionManager - Connection released: [id: 0][route: {}->http://vod.cn-shanghai.aliyuncs.com:80][total kept alive: 1; route allocated: 1 of 5; total allocated: 1 of 64]
]]></system-out>
  </testcase>
  <testcase name="uploadVideoTest" classname="VodTest" time="0.028"/>
  <testcase name="testGetVodPlayAuth" classname="VodTest" time="0.032">
    <error message="MissingAccessKeyId : AccessKeyId is mandatory for this action.&#10;RequestId : 6CC12437-D844-50AD-B7E3-8AD7D9442231" type="com.aliyuncs.exceptions.ClientException">com.aliyuncs.exceptions.ClientException: 
MissingAccessKeyId : AccessKeyId is mandatory for this action.
RequestId : 6CC12437-D844-50AD-B7E3-8AD7D9442231
	at VodTest.testGetVodPlayAuth(VodTest.java:125)
</error>
    <system-out><![CDATA[12:28:29.753 [main] DEBUG org.apache.http.client.protocol.RequestAddCookies - CookieSpec selected: default
12:28:29.754 [main] DEBUG org.apache.http.client.protocol.RequestAuthCache - Auth cache not set in the context
12:28:29.755 [main] DEBUG org.apache.http.impl.conn.PoolingHttpClientConnectionManager - Connection request: [route: {}->http://vod.cn-shanghai.aliyuncs.com:80][total kept alive: 1; route allocated: 1 of 5; total allocated: 1 of 64]
12:28:29.756 [main] DEBUG org.apache.http.impl.conn.PoolingHttpClientConnectionManager - Connection leased: [id: 0][route: {}->http://vod.cn-shanghai.aliyuncs.com:80][total kept alive: 0; route allocated: 1 of 5; total allocated: 1 of 64]
12:28:29.757 [main] DEBUG org.apache.http.impl.conn.DefaultManagedHttpClientConnection - http-outgoing-0: set socket timeout to 10000
12:28:29.757 [main] DEBUG org.apache.http.impl.execchain.MainClientExec - Executing request POST /?SignatureVersion=1.0&Action=GetVideoPlayAuth&ServiceCode=vod&Format=JSON&VideoId=c80f83b201514c53b785e25d719c62b9&SignatureNonce=80150c83-6bb0-4917-94c3-d3242443cc1216785089097441&Version=2017-03-21&AccessKeyId=&Signature=C2y0xjyCk7Ni%2BJigw2stIwGhFWk%3D&SignatureMethod=HMAC-SHA1&RegionId=cn-shanghai&Timestamp=2023-03-11T04%3A28%3A29Z HTTP/1.1
12:28:29.757 [main] DEBUG org.apache.http.impl.execchain.MainClientExec - Target auth state: UNCHALLENGED
12:28:29.757 [main] DEBUG org.apache.http.impl.execchain.MainClientExec - Proxy auth state: UNCHALLENGED
12:28:29.757 [main] DEBUG org.apache.http.headers - http-outgoing-0 >> POST /?SignatureVersion=1.0&Action=GetVideoPlayAuth&ServiceCode=vod&Format=JSON&VideoId=c80f83b201514c53b785e25d719c62b9&SignatureNonce=80150c83-6bb0-4917-94c3-d3242443cc1216785089097441&Version=2017-03-21&AccessKeyId=&Signature=C2y0xjyCk7Ni%2BJigw2stIwGhFWk%3D&SignatureMethod=HMAC-SHA1&RegionId=cn-shanghai&Timestamp=2023-03-11T04%3A28%3A29Z HTTP/1.1
12:28:29.757 [main] DEBUG org.apache.http.headers - http-outgoing-0 >> Accept-Encoding: identity
12:28:29.757 [main] DEBUG org.apache.http.headers - http-outgoing-0 >> x-sdk-invoke-type: normal
12:28:29.757 [main] DEBUG org.apache.http.headers - http-outgoing-0 >> Accept: application/json
12:28:29.757 [main] DEBUG org.apache.http.headers - http-outgoing-0 >> x-sdk-client: Java/2.0.0
12:28:29.757 [main] DEBUG org.apache.http.headers - http-outgoing-0 >> User-Agent: AlibabaCloud (Windows 10; amd64) Java/1.8.0_92-b14 Core/4.5.1 HTTPClient/ApacheHttpClient
12:28:29.757 [main] DEBUG org.apache.http.headers - http-outgoing-0 >> Content-Type: application/x-www-form-urlencoded
12:28:29.757 [main] DEBUG org.apache.http.headers - http-outgoing-0 >> Host: vod.cn-shanghai.aliyuncs.com
12:28:29.757 [main] DEBUG org.apache.http.headers - http-outgoing-0 >> Connection: Keep-Alive
12:28:29.757 [main] DEBUG org.apache.http.wire - http-outgoing-0 >> "POST /?SignatureVersion=1.0&Action=GetVideoPlayAuth&ServiceCode=vod&Format=JSON&VideoId=c80f83b201514c53b785e25d719c62b9&SignatureNonce=80150c83-6bb0-4917-94c3-d3242443cc1216785089097441&Version=2017-03-21&AccessKeyId=&Signature=C2y0xjyCk7Ni%2BJigw2stIwGhFWk%3D&SignatureMethod=HMAC-SHA1&RegionId=cn-shanghai&Timestamp=2023-03-11T04%3A28%3A29Z HTTP/1.1[\r][\n]"
12:28:29.757 [main] DEBUG org.apache.http.wire - http-outgoing-0 >> "Accept-Encoding: identity[\r][\n]"
12:28:29.757 [main] DEBUG org.apache.http.wire - http-outgoing-0 >> "x-sdk-invoke-type: normal[\r][\n]"
12:28:29.757 [main] DEBUG org.apache.http.wire - http-outgoing-0 >> "Accept: application/json[\r][\n]"
12:28:29.757 [main] DEBUG org.apache.http.wire - http-outgoing-0 >> "x-sdk-client: Java/2.0.0[\r][\n]"
12:28:29.757 [main] DEBUG org.apache.http.wire - http-outgoing-0 >> "User-Agent: AlibabaCloud (Windows 10; amd64) Java/1.8.0_92-b14 Core/4.5.1 HTTPClient/ApacheHttpClient[\r][\n]"
12:28:29.757 [main] DEBUG org.apache.http.wire - http-outgoing-0 >> "Content-Type: application/x-www-form-urlencoded[\r][\n]"
12:28:29.757 [main] DEBUG org.apache.http.wire - http-outgoing-0 >> "Host: vod.cn-shanghai.aliyuncs.com[\r][\n]"
12:28:29.757 [main] DEBUG org.apache.http.wire - http-outgoing-0 >> "Connection: Keep-Alive[\r][\n]"
12:28:29.757 [main] DEBUG org.apache.http.wire - http-outgoing-0 >> "[\r][\n]"
12:28:29.786 [main] DEBUG org.apache.http.wire - http-outgoing-0 << "HTTP/1.1 400 Bad Request[\r][\n]"
12:28:29.786 [main] DEBUG org.apache.http.wire - http-outgoing-0 << "Date: Sat, 11 Mar 2023 04:28:29 GMT[\r][\n]"
12:28:29.786 [main] DEBUG org.apache.http.wire - http-outgoing-0 << "Content-Type: application/json;charset=utf-8[\r][\n]"
12:28:29.786 [main] DEBUG org.apache.http.wire - http-outgoing-0 << "Content-Length: 262[\r][\n]"
12:28:29.786 [main] DEBUG org.apache.http.wire - http-outgoing-0 << "Connection: keep-alive[\r][\n]"
12:28:29.786 [main] DEBUG org.apache.http.wire - http-outgoing-0 << "Access-Control-Allow-Origin: *[\r][\n]"
12:28:29.786 [main] DEBUG org.apache.http.wire - http-outgoing-0 << "x-acs-request-id: 6CC12437-D844-50AD-B7E3-8AD7D9442231[\r][\n]"
12:28:29.786 [main] DEBUG org.apache.http.wire - http-outgoing-0 << "x-acs-trace-id: 1d08e18c959a1bb6e48acc96b8979f61[\r][\n]"
12:28:29.786 [main] DEBUG org.apache.http.wire - http-outgoing-0 << "[\r][\n]"
12:28:29.786 [main] DEBUG org.apache.http.wire - http-outgoing-0 << "{"RequestId":"6CC12437-D844-50AD-B7E3-8AD7D9442231","Message":"AccessKeyId is mandatory for this action.","Recommend":"https://next.api.aliyun.com/troubleshoot?q=MissingAccessKeyId&product=vod","HostId":"vod.cn-shanghai.aliyuncs.com","Code":"MissingAccessKeyId"}"
12:28:29.786 [main] DEBUG org.apache.http.headers - http-outgoing-0 << HTTP/1.1 400 Bad Request
12:28:29.786 [main] DEBUG org.apache.http.headers - http-outgoing-0 << Date: Sat, 11 Mar 2023 04:28:29 GMT
12:28:29.786 [main] DEBUG org.apache.http.headers - http-outgoing-0 << Content-Type: application/json;charset=utf-8
12:28:29.786 [main] DEBUG org.apache.http.headers - http-outgoing-0 << Content-Length: 262
12:28:29.786 [main] DEBUG org.apache.http.headers - http-outgoing-0 << Connection: keep-alive
12:28:29.786 [main] DEBUG org.apache.http.headers - http-outgoing-0 << Access-Control-Allow-Origin: *
12:28:29.786 [main] DEBUG org.apache.http.headers - http-outgoing-0 << x-acs-request-id: 6CC12437-D844-50AD-B7E3-8AD7D9442231
12:28:29.786 [main] DEBUG org.apache.http.headers - http-outgoing-0 << x-acs-trace-id: 1d08e18c959a1bb6e48acc96b8979f61
12:28:29.786 [main] DEBUG org.apache.http.impl.execchain.MainClientExec - Connection can be kept alive for 5000 MILLISECONDS
12:28:29.787 [main] DEBUG org.apache.http.impl.conn.PoolingHttpClientConnectionManager - Connection [id: 0][route: {}->http://vod.cn-shanghai.aliyuncs.com:80] can be kept alive for 5.0 seconds
12:28:29.787 [main] DEBUG org.apache.http.impl.conn.PoolingHttpClientConnectionManager - Connection released: [id: 0][route: {}->http://vod.cn-shanghai.aliyuncs.com:80][total kept alive: 1; route allocated: 1 of 5; total allocated: 1 of 64]
]]></system-out>
  </testcase>
</testsuite>